Host: hopreneur.test
IP: 127.0.0.1
Request_uri: /blog/
REFERER: 
METHOD: GET
PATH: 5

Host: hopreneur.test
IP: 127.0.0.1
Request_uri: /index.html
REFERER: http://hopreneur.test/
METHOD: GET
PATH: 5

Host: hopreneur.test
IP: 127.0.0.1
Request_uri: /favicon.ico
REFERER: http://hopreneur.test/index.html
METHOD: GET
PATH: 5

Host: hopreneur.test
IP: 127.0.0.1
Request_uri: /
REFERER: http://hopreneur.test/index.html
METHOD: GET
PATH: 5

Host: hopreneur.test
IP: 127.0.0.1
Request_uri: /favicon.ico
REFERER: http://hopreneur.test/
METHOD: GET
PATH: 5

Host: hopreneur.test
IP: 127.0.0.1
Request_uri: /
REFERER: http://hopreneur.test/index.html
METHOD: GET
PATH: 5

Host: hopreneur.test
IP: 127.0.0.1
Request_uri: /favicon.ico
REFERER: http://hopreneur.test/
METHOD: GET
PATH: 5

Host: hopreneur.test
IP: 127.0.0.1
Request_uri: /projects
REFERER: http://hopreneur.test/
METHOD: GET
PATH: 5

Host: hopreneur.test
IP: 127.0.0.1
Request_uri: /favicon.ico
REFERER: http://hopreneur.test/projects
METHOD: GET
PATH: 5

Host: hopreneur.test
IP: 127.0.0.1
Request_uri: /products
REFERER: http://hopreneur.test/projects
METHOD: GET
PATH: 5

Host: hopreneur.test
IP: 127.0.0.1
Request_uri: /favicon.ico
REFERER: http://hopreneur.test/products
METHOD: GET
PATH: 5

Host: hopreneur.test
IP: 127.0.0.1
Request_uri: /favicon.ico
REFERER: http://hopreneur.test/blog-single
METHOD: GET
PATH: 5

Host: hopreneur.test
IP: 127.0.0.1
Request_uri: /
REFERER: http://hopreneur.test/blog-single
METHOD: GET
PATH: 5

Host: hopreneur.test
IP: 127.0.0.1
Request_uri: /favicon.ico
REFERER: http://hopreneur.test/
METHOD: GET
PATH: 5

Host: hopreneur.test
IP: 127.0.0.1
Request_uri: /projects
REFERER: http://hopreneur.test/
METHOD: GET
PATH: 5

Host: hopreneur.test
IP: 127.0.0.1
Request_uri: /favicon.ico
REFERER: http://hopreneur.test/projects
METHOD: GET
PATH: 5

Host: hopreneur.test
IP: 127.0.0.1
Request_uri: /products
REFERER: http://hopreneur.test/projects
METHOD: GET
PATH: 5

Host: hopreneur.test
IP: 127.0.0.1
Request_uri: /terms
REFERER: http://hopreneur.test/products
METHOD: GET
PATH: 5

Host: hopreneur.test
IP: 127.0.0.1
Request_uri: /favicon.ico
REFERER: http://hopreneur.test/terms
METHOD: GET
PATH: 5

Host: hopreneur.test
IP: 127.0.0.1
Request_uri: /favicon.ico
REFERER: http://hopreneur.test/blog
METHOD: GET
PATH: 5

Host: hopreneur.test
IP: 127.0.0.1
Request_uri: /favicon.ico
REFERER: http://hopreneur.test/blog/the-silent-power-of-middleware-in-n8n-development
METHOD: GET
PATH: 5

Host: hopreneur.test
IP: 127.0.0.1
Request_uri: /favicon.ico
REFERER: http://hopreneur.test/blog
METHOD: GET
PATH: 5

Host: hopreneur.test
IP: 127.0.0.1
Request_uri: /
REFERER: 
METHOD: GET
PATH: 5

Host: hopreneur.test
IP: 127.0.0.1
Request_uri: /favicon.ico
REFERER: http://hopreneur.test/
METHOD: GET
PATH: 5

Host: hopreneur.test
IP: 127.0.0.1
Request_uri: /favicon.ico
REFERER: http://hopreneur.test/blog
METHOD: GET
PATH: 5

Host: hopreneur.test
IP: 127.0.0.1
Request_uri: /favicon.ico
REFERER: http://hopreneur.test/
METHOD: GET
PATH: 5

Host: hopreneur.test
IP: 127.0.0.1
Request_uri: /
METHOD: GET
PATH: 5

Host: hopreneur.test
IP: 127.0.0.1
Request_uri: /favicon.ico
METHOD: GET
PATH: 5

Host: hopreneur.test
IP: 127.0.0.1
Request_uri: /terms
METHOD: GET
PATH: 5

Host: hopreneur.test
IP: 127.0.0.1
Request_uri: /favicon.ico
METHOD: GET
PATH: 5

Host: hopreneur.test
IP: 127.0.0.1
Request_uri: /products
METHOD: GET
PATH: 5

Host: hopreneur.test
IP: 127.0.0.1
Request_uri: /favicon.ico
METHOD: GET
PATH: 5

Host: hopreneur.test
IP: 127.0.0.1
Request_uri: /
METHOD: GET
PATH: 5

Host: hopreneur.test
IP: 127.0.0.1
Request_uri: /favicon.ico
METHOD: GET
PATH: 5

Host: hopreneur.test
IP: ::1
Request_uri: /
METHOD: GET
PATH: 5

Host: hopreneur.test
IP: ::1
Request_uri: /projects
METHOD: GET
PATH: 5

Host: hopreneur.test
IP: ::1
Request_uri: /projects
METHOD: GET
PATH: 5

Host: hopreneur.test
IP: ::1
Request_uri: /
METHOD: GET
PATH: 5

